I, [2020-04-02T11:40:45.597887 #25350]  INFO -- Kitchen: -----> Starting Kitchen (v1.25.0)
W, [2020-04-02T11:40:46.988590 #25350]  WARN -- Kitchen: Running command `terraform version`
I, [2020-04-02T11:40:47.213799 #25350]  INFO -- Kitchen: Terraform v0.12.24
I, [2020-04-02T11:40:48.323561 #25350]  INFO -- Kitchen: + provider.aws v2.55.0
E, [2020-04-02T11:40:48.341261 #25350] ERROR -- Kitchen: ------Exception-------
E, [2020-04-02T11:40:48.341338 #25350] ERROR -- Kitchen: Class: Kitchen::UserError
E, [2020-04-02T11:40:48.341379 #25350] ERROR -- Kitchen: Message: Terraform v0.12.24 is not supported; install Terraform ~> v0.11.0
E, [2020-04-02T11:40:48.341408 #25350] ERROR -- Kitchen: ----------------------
E, [2020-04-02T11:40:48.341434 #25350] ERROR -- Kitchen: ------Backtrace-------
E, [2020-04-02T11:40:48.341466 #25350] ERROR -- Kitchen: /Users/daniel.aragao/.asdf/installs/ruby/2.4.2/lib/ruby/gems/2.4.0/gems/kitchen-terraform-3.3.1/lib/kitchen/driver/terraform.rb:309:in `rescue in verify_dependencies'
E, [2020-04-02T11:40:48.341503 #25350] ERROR -- Kitchen: /Users/daniel.aragao/.asdf/installs/ruby/2.4.2/lib/ruby/gems/2.4.0/gems/kitchen-terraform-3.3.1/lib/kitchen/driver/terraform.rb:295:in `verify_dependencies'
E, [2020-04-02T11:40:48.341546 #25350] ERROR -- Kitchen: /Users/daniel.aragao/.asdf/installs/ruby/2.4.2/lib/ruby/gems/2.4.0/gems/test-kitchen-1.25.0/lib/kitchen/plugin.rb:41:in `load'
E, [2020-04-02T11:40:48.341624 #25350] ERROR -- Kitchen: /Users/daniel.aragao/.asdf/installs/ruby/2.4.2/lib/ruby/gems/2.4.0/gems/test-kitchen-1.25.0/lib/kitchen/driver.rb:38:in `for_plugin'
E, [2020-04-02T11:40:48.341658 #25350] ERROR -- Kitchen: /Users/daniel.aragao/.asdf/installs/ruby/2.4.2/lib/ruby/gems/2.4.0/gems/test-kitchen-1.25.0/lib/kitchen/config.rb:234:in `new_driver'
E, [2020-04-02T11:40:48.341683 #25350] ERROR -- Kitchen: /Users/daniel.aragao/.asdf/installs/ruby/2.4.2/lib/ruby/gems/2.4.0/gems/test-kitchen-1.25.0/lib/kitchen/config.rb:247:in `new_instance'
E, [2020-04-02T11:40:48.341706 #25350] ERROR -- Kitchen: /Users/daniel.aragao/.asdf/installs/ruby/2.4.2/lib/ruby/gems/2.4.0/gems/test-kitchen-1.25.0/lib/kitchen/config.rb:142:in `block in build_instances'
E, [2020-04-02T11:40:48.341734 #25350] ERROR -- Kitchen: /Users/daniel.aragao/.asdf/installs/ruby/2.4.2/lib/ruby/gems/2.4.0/gems/test-kitchen-1.25.0/lib/kitchen/config.rb:141:in `map'
E, [2020-04-02T11:40:48.341758 #25350] ERROR -- Kitchen: /Users/daniel.aragao/.asdf/installs/ruby/2.4.2/lib/ruby/gems/2.4.0/gems/test-kitchen-1.25.0/lib/kitchen/config.rb:141:in `with_index'
E, [2020-04-02T11:40:48.341779 #25350] ERROR -- Kitchen: /Users/daniel.aragao/.asdf/installs/ruby/2.4.2/lib/ruby/gems/2.4.0/gems/test-kitchen-1.25.0/lib/kitchen/config.rb:141:in `build_instances'
E, [2020-04-02T11:40:48.341799 #25350] ERROR -- Kitchen: /Users/daniel.aragao/.asdf/installs/ruby/2.4.2/lib/ruby/gems/2.4.0/gems/test-kitchen-1.25.0/lib/kitchen/config.rb:117:in `instances'
E, [2020-04-02T11:40:48.342167 #25350] ERROR -- Kitchen: /Users/daniel.aragao/.asdf/installs/ruby/2.4.2/lib/ruby/gems/2.4.0/gems/test-kitchen-1.25.0/lib/kitchen/command.rb:112:in `filtered_instances'
E, [2020-04-02T11:40:48.342219 #25350] ERROR -- Kitchen: /Users/daniel.aragao/.asdf/installs/ruby/2.4.2/lib/ruby/gems/2.4.0/gems/test-kitchen-1.25.0/lib/kitchen/command.rb:142:in `parse_subcommand'
E, [2020-04-02T11:40:48.342254 #25350] ERROR -- Kitchen: /Users/daniel.aragao/.asdf/installs/ruby/2.4.2/lib/ruby/gems/2.4.0/gems/test-kitchen-1.25.0/lib/kitchen/command/action.rb:35:in `block in call'
E, [2020-04-02T11:40:48.342288 #25350] ERROR -- Kitchen: /Users/daniel.aragao/.asdf/installs/ruby/2.4.2/lib/ruby/2.4.0/benchmark.rb:293:in `measure'
E, [2020-04-02T11:40:48.342321 #25350] ERROR -- Kitchen: /Users/daniel.aragao/.asdf/installs/ruby/2.4.2/lib/ruby/gems/2.4.0/gems/test-kitchen-1.25.0/lib/kitchen/command/action.rb:34:in `call'
E, [2020-04-02T11:40:48.342345 #25350] ERROR -- Kitchen: /Users/daniel.aragao/.asdf/installs/ruby/2.4.2/lib/ruby/gems/2.4.0/gems/test-kitchen-1.25.0/lib/kitchen/cli.rb:52:in `perform'
E, [2020-04-02T11:40:48.342366 #25350] ERROR -- Kitchen: /Users/daniel.aragao/.asdf/installs/ruby/2.4.2/lib/ruby/gems/2.4.0/gems/test-kitchen-1.25.0/lib/kitchen/cli.rb:198:in `block (2 levels) in <class:CLI>'
E, [2020-04-02T11:40:48.342460 #25350] ERROR -- Kitchen: /Users/daniel.aragao/.asdf/installs/ruby/2.4.2/lib/ruby/gems/2.4.0/gems/thor-0.20.3/lib/thor/command.rb:27:in `run'
E, [2020-04-02T11:40:48.342519 #25350] ERROR -- Kitchen: /Users/daniel.aragao/.asdf/installs/ruby/2.4.2/lib/ruby/gems/2.4.0/gems/thor-0.20.3/lib/thor/invocation.rb:126:in `invoke_command'
E, [2020-04-02T11:40:48.342568 #25350] ERROR -- Kitchen: /Users/daniel.aragao/.asdf/installs/ruby/2.4.2/lib/ruby/gems/2.4.0/gems/thor-0.20.3/lib/thor.rb:387:in `dispatch'
E, [2020-04-02T11:40:48.342597 #25350] ERROR -- Kitchen: /Users/daniel.aragao/.asdf/installs/ruby/2.4.2/lib/ruby/gems/2.4.0/gems/thor-0.20.3/lib/thor/base.rb:466:in `start'
E, [2020-04-02T11:40:48.342630 #25350] ERROR -- Kitchen: /Users/daniel.aragao/.asdf/installs/ruby/2.4.2/lib/ruby/gems/2.4.0/gems/test-kitchen-1.25.0/bin/kitchen:13:in `block in <top (required)>'
E, [2020-04-02T11:40:48.342658 #25350] ERROR -- Kitchen: /Users/daniel.aragao/.asdf/installs/ruby/2.4.2/lib/ruby/gems/2.4.0/gems/test-kitchen-1.25.0/lib/kitchen/errors.rb:171:in `with_friendly_errors'
E, [2020-04-02T11:40:48.342690 #25350] ERROR -- Kitchen: /Users/daniel.aragao/.asdf/installs/ruby/2.4.2/lib/ruby/gems/2.4.0/gems/test-kitchen-1.25.0/bin/kitchen:13:in `<top (required)>'
E, [2020-04-02T11:40:48.342717 #25350] ERROR -- Kitchen: /Users/daniel.aragao/.asdf/installs/ruby/2.4.2/bin/kitchen:23:in `load'
E, [2020-04-02T11:40:48.342743 #25350] ERROR -- Kitchen: /Users/daniel.aragao/.asdf/installs/ruby/2.4.2/bin/kitchen:23:in `<top (required)>'
E, [2020-04-02T11:40:48.342768 #25350] ERROR -- Kitchen: /Users/daniel.aragao/.asdf/installs/ruby/2.4.2/lib/ruby/gems/2.4.0/gems/bundler-2.1.4/lib/bundler/cli/exec.rb:63:in `load'
E, [2020-04-02T11:40:48.342794 #25350] ERROR -- Kitchen: /Users/daniel.aragao/.asdf/installs/ruby/2.4.2/lib/ruby/gems/2.4.0/gems/bundler-2.1.4/lib/bundler/cli/exec.rb:63:in `kernel_load'
E, [2020-04-02T11:40:48.342821 #25350] ERROR -- Kitchen: /Users/daniel.aragao/.asdf/installs/ruby/2.4.2/lib/ruby/gems/2.4.0/gems/bundler-2.1.4/lib/bundler/cli/exec.rb:28:in `run'
E, [2020-04-02T11:40:48.342847 #25350] ERROR -- Kitchen: /Users/daniel.aragao/.asdf/installs/ruby/2.4.2/lib/ruby/gems/2.4.0/gems/bundler-2.1.4/lib/bundler/cli.rb:476:in `exec'
E, [2020-04-02T11:40:48.342875 #25350] ERROR -- Kitchen: /Users/daniel.aragao/.asdf/installs/ruby/2.4.2/lib/ruby/gems/2.4.0/gems/bundler-2.1.4/lib/bundler/vendor/thor/lib/thor/command.rb:27:in `run'
E, [2020-04-02T11:40:48.342898 #25350] ERROR -- Kitchen: /Users/daniel.aragao/.asdf/installs/ruby/2.4.2/lib/ruby/gems/2.4.0/gems/bundler-2.1.4/lib/bundler/vendor/thor/lib/thor/invocation.rb:127:in `invoke_command'
E, [2020-04-02T11:40:48.342918 #25350] ERROR -- Kitchen: /Users/daniel.aragao/.asdf/installs/ruby/2.4.2/lib/ruby/gems/2.4.0/gems/bundler-2.1.4/lib/bundler/vendor/thor/lib/thor.rb:399:in `dispatch'
E, [2020-04-02T11:40:48.342935 #25350] ERROR -- Kitchen: /Users/daniel.aragao/.asdf/installs/ruby/2.4.2/lib/ruby/gems/2.4.0/gems/bundler-2.1.4/lib/bundler/cli.rb:30:in `dispatch'
E, [2020-04-02T11:40:48.342952 #25350] ERROR -- Kitchen: /Users/daniel.aragao/.asdf/installs/ruby/2.4.2/lib/ruby/gems/2.4.0/gems/bundler-2.1.4/lib/bundler/vendor/thor/lib/thor/base.rb:476:in `start'
E, [2020-04-02T11:40:48.342977 #25350] ERROR -- Kitchen: /Users/daniel.aragao/.asdf/installs/ruby/2.4.2/lib/ruby/gems/2.4.0/gems/bundler-2.1.4/lib/bundler/cli.rb:24:in `start'
E, [2020-04-02T11:40:48.342994 #25350] ERROR -- Kitchen: /Users/daniel.aragao/.asdf/installs/ruby/2.4.2/lib/ruby/gems/2.4.0/gems/bundler-2.1.4/exe/bundle:46:in `block in <top (required)>'
E, [2020-04-02T11:40:48.343011 #25350] ERROR -- Kitchen: /Users/daniel.aragao/.asdf/installs/ruby/2.4.2/lib/ruby/gems/2.4.0/gems/bundler-2.1.4/lib/bundler/friendly_errors.rb:123:in `with_friendly_errors'
E, [2020-04-02T11:40:48.343028 #25350] ERROR -- Kitchen: /Users/daniel.aragao/.asdf/installs/ruby/2.4.2/lib/ruby/gems/2.4.0/gems/bundler-2.1.4/exe/bundle:34:in `<top (required)>'
E, [2020-04-02T11:40:48.343339 #25350] ERROR -- Kitchen: /Users/daniel.aragao/.asdf/installs/ruby/2.4.2/bin/bundle:23:in `load'
E, [2020-04-02T11:40:48.343399 #25350] ERROR -- Kitchen: /Users/daniel.aragao/.asdf/installs/ruby/2.4.2/bin/bundle:23:in `<main>'
E, [2020-04-02T11:40:48.343440 #25350] ERROR -- Kitchen: ----End Backtrace-----
E, [2020-04-02T11:40:48.343466 #25350] ERROR -- Kitchen: ---Nested Exception---
E, [2020-04-02T11:40:48.343491 #25350] ERROR -- Kitchen: Class: Kitchen::Terraform::Error
E, [2020-04-02T11:40:48.343516 #25350] ERROR -- Kitchen: Message: Terraform v0.12.24 is not supported; install Terraform ~> v0.11.0
E, [2020-04-02T11:40:48.343542 #25350] ERROR -- Kitchen: ----------------------
E, [2020-04-02T11:40:48.343567 #25350] ERROR -- Kitchen: ------Backtrace-------
E, [2020-04-02T11:40:48.343592 #25350] ERROR -- Kitchen: /Users/daniel.aragao/.asdf/installs/ruby/2.4.2/lib/ruby/gems/2.4.0/gems/kitchen-terraform-3.3.1/lib/kitchen/driver/terraform.rb:309:in `rescue in verify_dependencies'
E, [2020-04-02T11:40:48.343633 #25350] ERROR -- Kitchen: /Users/daniel.aragao/.asdf/installs/ruby/2.4.2/lib/ruby/gems/2.4.0/gems/kitchen-terraform-3.3.1/lib/kitchen/driver/terraform.rb:295:in `verify_dependencies'
E, [2020-04-02T11:40:48.343726 #25350] ERROR -- Kitchen: /Users/daniel.aragao/.asdf/installs/ruby/2.4.2/lib/ruby/gems/2.4.0/gems/test-kitchen-1.25.0/lib/kitchen/plugin.rb:41:in `load'
E, [2020-04-02T11:40:48.343748 #25350] ERROR -- Kitchen: /Users/daniel.aragao/.asdf/installs/ruby/2.4.2/lib/ruby/gems/2.4.0/gems/test-kitchen-1.25.0/lib/kitchen/driver.rb:38:in `for_plugin'
E, [2020-04-02T11:40:48.343766 #25350] ERROR -- Kitchen: /Users/daniel.aragao/.asdf/installs/ruby/2.4.2/lib/ruby/gems/2.4.0/gems/test-kitchen-1.25.0/lib/kitchen/config.rb:234:in `new_driver'
E, [2020-04-02T11:40:48.343784 #25350] ERROR -- Kitchen: /Users/daniel.aragao/.asdf/installs/ruby/2.4.2/lib/ruby/gems/2.4.0/gems/test-kitchen-1.25.0/lib/kitchen/config.rb:247:in `new_instance'
E, [2020-04-02T11:40:48.343800 #25350] ERROR -- Kitchen: /Users/daniel.aragao/.asdf/installs/ruby/2.4.2/lib/ruby/gems/2.4.0/gems/test-kitchen-1.25.0/lib/kitchen/config.rb:142:in `block in build_instances'
E, [2020-04-02T11:40:48.343818 #25350] ERROR -- Kitchen: /Users/daniel.aragao/.asdf/installs/ruby/2.4.2/lib/ruby/gems/2.4.0/gems/test-kitchen-1.25.0/lib/kitchen/config.rb:141:in `map'
E, [2020-04-02T11:40:48.343834 #25350] ERROR -- Kitchen: /Users/daniel.aragao/.asdf/installs/ruby/2.4.2/lib/ruby/gems/2.4.0/gems/test-kitchen-1.25.0/lib/kitchen/config.rb:141:in `with_index'
E, [2020-04-02T11:40:48.343851 #25350] ERROR -- Kitchen: /Users/daniel.aragao/.asdf/installs/ruby/2.4.2/lib/ruby/gems/2.4.0/gems/test-kitchen-1.25.0/lib/kitchen/config.rb:141:in `build_instances'
E, [2020-04-02T11:40:48.343868 #25350] ERROR -- Kitchen: /Users/daniel.aragao/.asdf/installs/ruby/2.4.2/lib/ruby/gems/2.4.0/gems/test-kitchen-1.25.0/lib/kitchen/config.rb:117:in `instances'
E, [2020-04-02T11:40:48.343884 #25350] ERROR -- Kitchen: /Users/daniel.aragao/.asdf/installs/ruby/2.4.2/lib/ruby/gems/2.4.0/gems/test-kitchen-1.25.0/lib/kitchen/command.rb:112:in `filtered_instances'
E, [2020-04-02T11:40:48.343901 #25350] ERROR -- Kitchen: /Users/daniel.aragao/.asdf/installs/ruby/2.4.2/lib/ruby/gems/2.4.0/gems/test-kitchen-1.25.0/lib/kitchen/command.rb:142:in `parse_subcommand'
E, [2020-04-02T11:40:48.343917 #25350] ERROR -- Kitchen: /Users/daniel.aragao/.asdf/installs/ruby/2.4.2/lib/ruby/gems/2.4.0/gems/test-kitchen-1.25.0/lib/kitchen/command/action.rb:35:in `block in call'
E, [2020-04-02T11:40:48.343934 #25350] ERROR -- Kitchen: /Users/daniel.aragao/.asdf/installs/ruby/2.4.2/lib/ruby/2.4.0/benchmark.rb:293:in `measure'
E, [2020-04-02T11:40:48.343988 #25350] ERROR -- Kitchen: /Users/daniel.aragao/.asdf/installs/ruby/2.4.2/lib/ruby/gems/2.4.0/gems/test-kitchen-1.25.0/lib/kitchen/command/action.rb:34:in `call'
E, [2020-04-02T11:40:48.344009 #25350] ERROR -- Kitchen: /Users/daniel.aragao/.asdf/installs/ruby/2.4.2/lib/ruby/gems/2.4.0/gems/test-kitchen-1.25.0/lib/kitchen/cli.rb:52:in `perform'
E, [2020-04-02T11:40:48.344050 #25350] ERROR -- Kitchen: /Users/daniel.aragao/.asdf/installs/ruby/2.4.2/lib/ruby/gems/2.4.0/gems/test-kitchen-1.25.0/lib/kitchen/cli.rb:198:in `block (2 levels) in <class:CLI>'
E, [2020-04-02T11:40:48.344087 #25350] ERROR -- Kitchen: /Users/daniel.aragao/.asdf/installs/ruby/2.4.2/lib/ruby/gems/2.4.0/gems/thor-0.20.3/lib/thor/command.rb:27:in `run'
E, [2020-04-02T11:40:48.344123 #25350] ERROR -- Kitchen: /Users/daniel.aragao/.asdf/installs/ruby/2.4.2/lib/ruby/gems/2.4.0/gems/thor-0.20.3/lib/thor/invocation.rb:126:in `invoke_command'
E, [2020-04-02T11:40:48.344140 #25350] ERROR -- Kitchen: /Users/daniel.aragao/.asdf/installs/ruby/2.4.2/lib/ruby/gems/2.4.0/gems/thor-0.20.3/lib/thor.rb:387:in `dispatch'
E, [2020-04-02T11:40:48.344157 #25350] ERROR -- Kitchen: /Users/daniel.aragao/.asdf/installs/ruby/2.4.2/lib/ruby/gems/2.4.0/gems/thor-0.20.3/lib/thor/base.rb:466:in `start'
E, [2020-04-02T11:40:48.344174 #25350] ERROR -- Kitchen: /Users/daniel.aragao/.asdf/installs/ruby/2.4.2/lib/ruby/gems/2.4.0/gems/test-kitchen-1.25.0/bin/kitchen:13:in `block in <top (required)>'
E, [2020-04-02T11:40:48.344191 #25350] ERROR -- Kitchen: /Users/daniel.aragao/.asdf/installs/ruby/2.4.2/lib/ruby/gems/2.4.0/gems/test-kitchen-1.25.0/lib/kitchen/errors.rb:171:in `with_friendly_errors'
E, [2020-04-02T11:40:48.344208 #25350] ERROR -- Kitchen: /Users/daniel.aragao/.asdf/installs/ruby/2.4.2/lib/ruby/gems/2.4.0/gems/test-kitchen-1.25.0/bin/kitchen:13:in `<top (required)>'
E, [2020-04-02T11:40:48.344225 #25350] ERROR -- Kitchen: /Users/daniel.aragao/.asdf/installs/ruby/2.4.2/bin/kitchen:23:in `load'
E, [2020-04-02T11:40:48.344242 #25350] ERROR -- Kitchen: /Users/daniel.aragao/.asdf/installs/ruby/2.4.2/bin/kitchen:23:in `<top (required)>'
E, [2020-04-02T11:40:48.344258 #25350] ERROR -- Kitchen: /Users/daniel.aragao/.asdf/installs/ruby/2.4.2/lib/ruby/gems/2.4.0/gems/bundler-2.1.4/lib/bundler/cli/exec.rb:63:in `load'
E, [2020-04-02T11:40:48.344328 #25350] ERROR -- Kitchen: /Users/daniel.aragao/.asdf/installs/ruby/2.4.2/lib/ruby/gems/2.4.0/gems/bundler-2.1.4/lib/bundler/cli/exec.rb:63:in `kernel_load'
E, [2020-04-02T11:40:48.344346 #25350] ERROR -- Kitchen: /Users/daniel.aragao/.asdf/installs/ruby/2.4.2/lib/ruby/gems/2.4.0/gems/bundler-2.1.4/lib/bundler/cli/exec.rb:28:in `run'
E, [2020-04-02T11:40:48.344363 #25350] ERROR -- Kitchen: /Users/daniel.aragao/.asdf/installs/ruby/2.4.2/lib/ruby/gems/2.4.0/gems/bundler-2.1.4/lib/bundler/cli.rb:476:in `exec'
E, [2020-04-02T11:40:48.344380 #25350] ERROR -- Kitchen: /Users/daniel.aragao/.asdf/installs/ruby/2.4.2/lib/ruby/gems/2.4.0/gems/bundler-2.1.4/lib/bundler/vendor/thor/lib/thor/command.rb:27:in `run'
E, [2020-04-02T11:40:48.344396 #25350] ERROR -- Kitchen: /Users/daniel.aragao/.asdf/installs/ruby/2.4.2/lib/ruby/gems/2.4.0/gems/bundler-2.1.4/lib/bundler/vendor/thor/lib/thor/invocation.rb:127:in `invoke_command'
E, [2020-04-02T11:40:48.344413 #25350] ERROR -- Kitchen: /Users/daniel.aragao/.asdf/installs/ruby/2.4.2/lib/ruby/gems/2.4.0/gems/bundler-2.1.4/lib/bundler/vendor/thor/lib/thor.rb:399:in `dispatch'
E, [2020-04-02T11:40:48.344430 #25350] ERROR -- Kitchen: /Users/daniel.aragao/.asdf/installs/ruby/2.4.2/lib/ruby/gems/2.4.0/gems/bundler-2.1.4/lib/bundler/cli.rb:30:in `dispatch'
E, [2020-04-02T11:40:48.344446 #25350] ERROR -- Kitchen: /Users/daniel.aragao/.asdf/installs/ruby/2.4.2/lib/ruby/gems/2.4.0/gems/bundler-2.1.4/lib/bundler/vendor/thor/lib/thor/base.rb:476:in `start'
E, [2020-04-02T11:40:48.344462 #25350] ERROR -- Kitchen: /Users/daniel.aragao/.asdf/installs/ruby/2.4.2/lib/ruby/gems/2.4.0/gems/bundler-2.1.4/lib/bundler/cli.rb:24:in `start'
E, [2020-04-02T11:40:48.344479 #25350] ERROR -- Kitchen: /Users/daniel.aragao/.asdf/installs/ruby/2.4.2/lib/ruby/gems/2.4.0/gems/bundler-2.1.4/exe/bundle:46:in `block in <top (required)>'
E, [2020-04-02T11:40:48.344495 #25350] ERROR -- Kitchen: /Users/daniel.aragao/.asdf/installs/ruby/2.4.2/lib/ruby/gems/2.4.0/gems/bundler-2.1.4/lib/bundler/friendly_errors.rb:123:in `with_friendly_errors'
E, [2020-04-02T11:40:48.344525 #25350] ERROR -- Kitchen: /Users/daniel.aragao/.asdf/installs/ruby/2.4.2/lib/ruby/gems/2.4.0/gems/bundler-2.1.4/exe/bundle:34:in `<top (required)>'
E, [2020-04-02T11:40:48.344543 #25350] ERROR -- Kitchen: /Users/daniel.aragao/.asdf/installs/ruby/2.4.2/bin/bundle:23:in `load'
E, [2020-04-02T11:40:48.344563 #25350] ERROR -- Kitchen: /Users/daniel.aragao/.asdf/installs/ruby/2.4.2/bin/bundle:23:in `<main>'
E, [2020-04-02T11:40:48.344580 #25350] ERROR -- Kitchen: ----End Backtrace-----
